<?xml version="1.0" encoding="UTF-8"?>
<!-- Generated by org.testng.reporters.JUnitReportReporter -->
<testsuite hostname="minghuideMacBook-Pro.local" name="com.yunidc.testScript.TestHomePage" tests="3" failures="0" timestamp="13 Dec 2015 14:59:50 GMT" time="45.879" errors="0">
  <testcase name="testRegister" time="12.654" classname="com.yunidc.testScript.TestHomePage"/>
  <testcase name="testConsole" time="21.361" classname="com.yunidc.testScript.TestHomePage"/>
  <testcase name="testOpenLoginPage" time="11.864" classname="com.yunidc.testScript.TestHomePage"/>
</testsuite> <!-- com.yunidc.testScript.TestHomePage -->
