<?xml version="1.0" encoding="UTF-8"?>
<!-- Generated by org.testng.reporters.JUnitReportReporter -->
<testsuite hostname="minghuideMacBook-Pro.local" name="com.yunidc.testScript.TestLoginPage" tests="1" failures="0" timestamp="13 Dec 2015 14:59:50 GMT" time="20.749" errors="0">
  <testcase name="testLogin" time="20.749" classname="com.yunidc.testScript.TestLoginPage"/>
</testsuite> <!-- com.yunidc.testScript.TestLoginPage -->
