<?xml version="1.0" encoding="UTF-8"?>
<!-- Generated by org.testng.reporters.JUnitReportReporter -->
<testsuite hostname="localhost" name="com.yunidc.testScript.TestHomePage" tests="3" failures="0" timestamp="13 Dec 2015 07:44:20 GMT" time="45.009" errors="0">
  <testcase name="testRegister" time="11.761" classname="com.yunidc.testScript.TestHomePage"/>
  <testcase name="testConsole" time="21.493" classname="com.yunidc.testScript.TestHomePage"/>
  <testcase name="testOpenLoginPage" time="11.755" classname="com.yunidc.testScript.TestHomePage"/>
</testsuite> <!-- com.yunidc.testScript.TestHomePage -->
