<?xml version="1.0" encoding="UTF-8"?>
<!-- Generated by org.testng.reporters.JUnitReportReporter -->
<testsuite hostname="minghuideMacBook-Pro.local" name="com.yunidc.testScript.testLog" tests="1" failures="0" timestamp="6 Dec 2015 15:08:29 GMT" time="15.796" errors="0">
  <testcase name="testLoginPage" time="15.796" classname="com.yunidc.testScript.testLog"/>
</testsuite> <!-- com.yunidc.testScript.testLog -->
